<?xml version="1.0" encoding="UTF-8"?>
<!-- Generated by org.testng.reporters.JUnitReportReporter -->
<testsuite hostname="POGONOPHILE" failures="0" tests="5" name="tests.TC01LoginTestCase" time="6.112" errors="0" timestamp="2023-06-09T22:46:32 IST" skipped="0">
  <testcase classname="tests.TC01LoginTestCase" name="validateAllTheElements" time="0.303"/>
  <system-out/>
  <testcase classname="tests.TC01LoginTestCase" name="loginWithValidCredentials" time="2.211"/>
  <system-out/>
  <testcase classname="tests.TC01LoginTestCase" name="loginWithValidCredentials" time="1.400"/>
  <system-out/>
  <testcase classname="tests.TC01LoginTestCase" name="loginWithValidCredentials" time="1.439"/>
  <system-out/>
  <testcase classname="tests.TC01LoginTestCase" name="loginWithInvalidCredentials" time="0.759"/>
  <system-out/>
</testsuite> <!-- tests.TC01LoginTestCase -->
