<?xml version="1.0" encoding="UTF-8"?>
<!-- Generated by org.testng.reporters.JUnitReportReporter -->
<testsuite hostname="POGONOPHILE" failures="0" tests="4" name="tests.TC02RegisterTestCase" time="6.600" errors="0" timestamp="2023-06-09T22:46:32 IST" skipped="0">
  <testcase classname="tests.TC02RegisterTestCase" name="validateAllTheElements" time="0.294"/>
  <system-out/>
  <testcase classname="tests.TC02RegisterTestCase" name="newUserRegistration" time="1.900"/>
  <system-out/>
  <testcase classname="tests.TC02RegisterTestCase" name="newUserRegistration" time="1.721"/>
  <system-out/>
  <testcase classname="tests.TC02RegisterTestCase" name="newUserRegistration" time="2.685"/>
  <system-out/>
</testsuite> <!-- tests.TC02RegisterTestCase -->
