<?xml version="1.0" encoding="UTF-8"?>
<!-- Generated by org.testng.reporters.JUnitReportReporter -->
<testsuite hostname="POGONOPHILE" failures="0" tests="5" name="tests.TC01LoginTestCase" time="21.379" errors="0" timestamp="2023-06-10T14:30:11 IST" skipped="0">
  <testcase classname="tests.TC01LoginTestCase" name="validateAllTheElements" time="2.581"/>
  <system-out/>
  <testcase classname="tests.TC01LoginTestCase" name="loginWithValidCredentials" time="5.265"/>
  <system-out/>
  <testcase classname="tests.TC01LoginTestCase" name="loginWithValidCredentials" time="5.850"/>
  <system-out/>
  <testcase classname="tests.TC01LoginTestCase" name="loginWithValidCredentials" time="5.347"/>
  <system-out/>
  <testcase classname="tests.TC01LoginTestCase" name="loginWithInvalidCredentials" time="2.336"/>
  <system-out/>
</testsuite> <!-- tests.TC01LoginTestCase -->
