<?xml version="1.0" encoding="UTF-8"?>
<!-- Generated by org.testng.reporters.JUnitReportReporter -->
<testsuite hostname="POGONOPHILE" failures="0" tests="5" name="tests.TC01_LoginTestCase" time="3.832" errors="0" timestamp="2023-06-09T10:59:32 IST" skipped="0">
  <testcase classname="tests.TC01_LoginTestCase" name="validateAllTheElements" time="0.174"/>
  <system-out/>
  <testcase classname="tests.TC01_LoginTestCase" name="loginWithValidCredentials" time="1.548"/>
  <system-out/>
  <testcase classname="tests.TC01_LoginTestCase" name="loginWithValidCredentials" time="0.774"/>
  <system-out/>
  <testcase classname="tests.TC01_LoginTestCase" name="loginWithValidCredentials" time="0.833"/>
  <system-out/>
  <testcase classname="tests.TC01_LoginTestCase" name="loginWithInvalidCredentials" time="0.503"/>
  <system-out/>
</testsuite> <!-- tests.TC01_LoginTestCase -->
