<?xml version="1.0" encoding="UTF-8"?>
<!-- Generated by org.testng.reporters.JUnitReportReporter -->
<testsuite hostname="POGONOPHILE" failures="0" tests="4" name="tests.TC02RegisterTestCase" time="27.924" errors="0" timestamp="2023-06-10T14:30:11 IST" skipped="0">
  <testcase classname="tests.TC02RegisterTestCase" name="validateAllTheElements" time="1.934"/>
  <system-out/>
  <testcase classname="tests.TC02RegisterTestCase" name="newUserRegistration" time="7.991"/>
  <system-out/>
  <testcase classname="tests.TC02RegisterTestCase" name="newUserRegistration" time="9.727"/>
  <system-out/>
  <testcase classname="tests.TC02RegisterTestCase" name="newUserRegistration" time="8.272"/>
  <system-out/>
</testsuite> <!-- tests.TC02RegisterTestCase -->
