<?xml version="1.0" encoding="UTF-8"?>
<!-- Generated by org.testng.reporters.JUnitReportReporter -->
<testsuite hostname="POGONOPHILE" failures="0" tests="4" name="tests.TC02_RegisterTestCase" time="6.108" errors="0" timestamp="2023-06-09T11:27:24 IST" skipped="0">
  <testcase classname="tests.TC02_RegisterTestCase" name="validateAllTheElements" time="0.279"/>
  <system-out/>
  <testcase classname="tests.TC02_RegisterTestCase" name="newUserRegistration" time="1.578"/>
  <system-out/>
  <testcase classname="tests.TC02_RegisterTestCase" name="newUserRegistration" time="2.610"/>
  <system-out/>
  <testcase classname="tests.TC02_RegisterTestCase" name="newUserRegistration" time="1.641"/>
  <system-out/>
</testsuite> <!-- tests.TC02_RegisterTestCase -->
