<?xml version="1.0" encoding="UTF-8"?>
<!-- Generated by org.testng.reporters.JUnitReportReporter -->
<testsuite hostname="POGONOPHILE" failures="0" tests="4" name="tests.TC02_RegisterTestCase" time="5.827" errors="0" timestamp="2023-06-09T18:12:50 IST" skipped="0">
  <testcase classname="tests.TC02_RegisterTestCase" name="validateAllTheElements" time="0.302"/>
  <system-out/>
  <testcase classname="tests.TC02_RegisterTestCase" name="newUserRegistration" time="1.487"/>
  <system-out/>
  <testcase classname="tests.TC02_RegisterTestCase" name="newUserRegistration" time="1.524"/>
  <system-out/>
  <testcase classname="tests.TC02_RegisterTestCase" name="newUserRegistration" time="2.514"/>
  <system-out/>
</testsuite> <!-- tests.TC02_RegisterTestCase -->
